app/build/intermediates/manifest_merge_blame_file/debug/manifest-merger-blame-debug-report.txt
1<?xml version="1.0" encoding="utf-8"?>
2<manifest xmlns:android="http://schemas.android.com/apk/res/android"
3    package="com.khalifapps.muslimgenz"
4    android:versionCode="1"
5    android:versionName="1.0" >
6
7    <uses-sdk
8        android:minSdkVersion="24"
9        android:targetSdkVersion="34" />
10
11    <uses-permission android:name="android.permission.INTERNET" />
11-->src\main\AndroidManifest.xml:5:5-67
11-->src\main\AndroidManifest.xml:5:22-64
12    <uses-permission android:name="android.permission.POST_NOTIFICATIONS" />
12-->src\main\AndroidManifest.xml:6:5-77
12-->src\main\AndroidManifest.xml:6:22-74
13    <uses-permission android:name="android.permission.ACCESS_NETWORK_STATE" />
13-->[com.google.firebase:firebase-messaging:24.0.0] AndroidManifest.xml:22:5-79
13-->[com.google.firebase:firebase-messaging:24.0.0] AndroidManifest.xml:22:22-76
14    <uses-permission android:name="android.permission.WAKE_LOCK" /> <!-- Required by older versions of Google Play services to create IID tokens -->
14-->[com.google.firebase:firebase-messaging:24.0.0] AndroidManifest.xml:24:5-68
14-->[com.google.firebase:firebase-messaging:24.0.0] AndroidManifest.xml:24:22-65
15    <uses-permission android:name="com.google.android.c2dm.permission.RECEIVE" />
15-->[com.google.firebase:firebase-messaging:24.0.0] AndroidManifest.xml:26:5-82
15-->[com.google.firebase:firebase-messaging:24.0.0] AndroidManifest.xml:26:22-79
16    <uses-permission android:name="com.google.android.finsky.permission.BIND_GET_INSTALL_REFERRER_SERVICE" />
16-->[com.google.android.gms:play-services-measurement:22.0.1] AndroidManifest.xml:26:5-110
16-->[com.google.android.gms:play-services-measurement:22.0.1] AndroidManifest.xml:26:22-107
17    <uses-permission android:name="com.google.android.gms.permission.AD_ID" />
17-->[com.google.android.gms:play-services-measurement-api:22.0.1] AndroidManifest.xml:25:5-79
17-->[com.google.android.gms:play-services-measurement-api:22.0.1] AndroidManifest.xml:25:22-76
18    <uses-permission android:name="android.permission.ACCESS_ADSERVICES_ATTRIBUTION" />
18-->[com.google.android.gms:play-services-measurement-api:22.0.1] AndroidManifest.xml:26:5-88
18-->[com.google.android.gms:play-services-measurement-api:22.0.1] AndroidManifest.xml:26:22-85
19    <uses-permission android:name="android.permission.ACCESS_ADSERVICES_AD_ID" />
19-->[com.google.android.gms:play-services-measurement-api:22.0.1] AndroidManifest.xml:27:5-82
19-->[com.google.android.gms:play-services-measurement-api:22.0.1] AndroidManifest.xml:27:22-79
20    <uses-permission android:name="android.permission.RECEIVE_BOOT_COMPLETED" />
20-->[androidx.work:work-runtime:2.9.0] AndroidManifest.xml:25:5-81
20-->[androidx.work:work-runtime:2.9.0] AndroidManifest.xml:25:22-78
21    <uses-permission android:name="android.permission.FOREGROUND_SERVICE" />
21-->[androidx.work:work-runtime:2.9.0] AndroidManifest.xml:26:5-77
21-->[androidx.work:work-runtime:2.9.0] AndroidManifest.xml:26:22-74
22
23    <permission
23-->[androidx.core:core:1.13.0] AndroidManifest.xml:22:5-24:47
24        android:name="com.khalifapps.muslimgenz.DYNAMIC_RECEIVER_NOT_EXPORTED_PERMISSION"
24-->[androidx.core:core:1.13.0] AndroidManifest.xml:23:9-81
25        android:protectionLevel="signature" />
25-->[androidx.core:core:1.13.0] AndroidManifest.xml:24:9-44
26
27    <uses-permission android:name="com.khalifapps.muslimgenz.DYNAMIC_RECEIVER_NOT_EXPORTED_PERMISSION" />
27-->[androidx.core:core:1.13.0] AndroidManifest.xml:26:5-97
27-->[androidx.core:core:1.13.0] AndroidManifest.xml:26:22-94
28
29    <application
29-->src\main\AndroidManifest.xml:8:5-69:19
30        android:name="com.khalifapps.muslimgenz.MuslimGenzApp"
30-->src\main\AndroidManifest.xml:9:9-38
31        android:allowBackup="true"
31-->src\main\AndroidManifest.xml:10:9-35
32        android:appComponentFactory="androidx.core.app.CoreComponentFactory"
32-->[androidx.core:core:1.13.0] AndroidManifest.xml:28:18-86
33        android:dataExtractionRules="@xml/data_extraction_rules"
33-->src\main\AndroidManifest.xml:12:9-65
34        android:debuggable="true"
35        android:extractNativeLibs="false"
36        android:fullBackupContent="@xml/backup_rules"
36-->src\main\AndroidManifest.xml:13:9-54
37        android:icon="@mipmap/ic_launcher"
37-->src\main\AndroidManifest.xml:14:9-43
38        android:label="@string/app_name"
38-->src\main\AndroidManifest.xml:15:9-41
39        android:roundIcon="@mipmap/ic_launcher_round"
39-->src\main\AndroidManifest.xml:16:9-54
40        android:supportsRtl="true"
40-->src\main\AndroidManifest.xml:17:9-35
41        android:theme="@style/Theme.KhalifApps"
41-->src\main\AndroidManifest.xml:18:9-48
42        android:usesCleartextTraffic="true" >
42-->src\main\AndroidManifest.xml:11:9-44
43        <activity
43-->src\main\AndroidManifest.xml:20:9-32:20
44            android:name="com.khalifapps.muslimgenz.presentation.ui.pages.MainActivity"
44-->src\main\AndroidManifest.xml:21:13-63
45            android:exported="true"
45-->src\main\AndroidManifest.xml:22:13-36
46            android:screenOrientation="portrait" >
46-->src\main\AndroidManifest.xml:23:13-49
47            <intent-filter>
47-->src\main\AndroidManifest.xml:24:13-28:29
48                <action android:name="android.intent.action.MAIN" />
48-->src\main\AndroidManifest.xml:25:17-69
48-->src\main\AndroidManifest.xml:25:25-66
49
50                <category android:name="android.intent.category.LAUNCHER" />
50-->src\main\AndroidManifest.xml:27:17-77
50-->src\main\AndroidManifest.xml:27:27-74
51            </intent-filter>
52
53            <meta-data
53-->src\main\AndroidManifest.xml:29:13-31:53
54                android:name="android.app.shortcuts"
54-->src\main\AndroidManifest.xml:30:17-53
55                android:resource="@xml/shortcuts" />
55-->src\main\AndroidManifest.xml:31:17-50
56        </activity>
57
58        <receiver
58-->src\main\AndroidManifest.xml:34:9-44:20
59            android:name="com.khalifapps.muslimgenz.presentation.widget.SimpleWidgetReceiver"
59-->src\main\AndroidManifest.xml:35:13-69
60            android:exported="true"
60-->src\main\AndroidManifest.xml:37:13-36
61            android:label="Simple Widget" >
61-->src\main\AndroidManifest.xml:36:13-42
62            <intent-filter>
62-->src\main\AndroidManifest.xml:38:13-40:29
63                <action android:name="android.appwidget.action.APPWIDGET_UPDATE" />
63-->src\main\AndroidManifest.xml:39:17-84
63-->src\main\AndroidManifest.xml:39:25-81
64            </intent-filter>
65
66            <meta-data
66-->src\main\AndroidManifest.xml:41:13-43:55
67                android:name="android.appwidget.provider"
67-->src\main\AndroidManifest.xml:42:17-58
68                android:resource="@xml/widget_info" />
68-->src\main\AndroidManifest.xml:43:17-52
69        </receiver>
70
71        <service
71-->src\main\AndroidManifest.xml:45:9-51:19
72            android:name="com.khalifapps.muslimgenz.data.service.MyFirebaseMessagingService"
72-->src\main\AndroidManifest.xml:46:13-68
73            android:exported="false" >
73-->src\main\AndroidManifest.xml:47:13-37
74            <intent-filter>
74-->src\main\AndroidManifest.xml:48:13-50:29
75                <action android:name="com.google.firebase.MESSAGING_EVENT" />
75-->src\main\AndroidManifest.xml:49:17-78
75-->src\main\AndroidManifest.xml:49:25-75
76            </intent-filter>
77        </service>
78
79        <meta-data
79-->src\main\AndroidManifest.xml:53:9-55:60
80            android:name="com.google.firebase.messaging.default_notification_icon"
80-->src\main\AndroidManifest.xml:54:13-83
81            android:resource="@drawable/ic_notification" />
81-->src\main\AndroidManifest.xml:55:13-57
82        <meta-data
82-->src\main\AndroidManifest.xml:56:9-58:47
83            android:name="com.google.firebase.messaging.default_notification_color"
83-->src\main\AndroidManifest.xml:57:13-84
84            android:resource="@color/black" />
84-->src\main\AndroidManifest.xml:58:13-44
85
86        <provider
87            android:name="androidx.startup.InitializationProvider"
87-->src\main\AndroidManifest.xml:60:13-67
88            android:authorities="com.khalifapps.muslimgenz.androidx-startup"
88-->src\main\AndroidManifest.xml:61:13-68
89            android:exported="false" >
89-->src\main\AndroidManifest.xml:62:13-37
90            <meta-data
90-->[androidx.emoji2:emoji2:1.3.0] AndroidManifest.xml:29:13-31:52
91                android:name="androidx.emoji2.text.EmojiCompatInitializer"
91-->[androidx.emoji2:emoji2:1.3.0] AndroidManifest.xml:30:17-75
92                android:value="androidx.startup" />
92-->[androidx.emoji2:emoji2:1.3.0] AndroidManifest.xml:31:17-49
93            <meta-data
93-->[androidx.lifecycle:lifecycle-process:2.6.2] AndroidManifest.xml:29:13-31:52
94                android:name="androidx.lifecycle.ProcessLifecycleInitializer"
94-->[androidx.lifecycle:lifecycle-process:2.6.2] AndroidManifest.xml:30:17-78
95                android:value="androidx.startup" />
95-->[androidx.lifecycle:lifecycle-process:2.6.2] AndroidManifest.xml:31:17-49
96            <meta-data
96-->[androidx.profileinstaller:profileinstaller:1.3.1] AndroidManifest.xml:29:13-31:52
97                android:name="androidx.profileinstaller.ProfileInstallerInitializer"
97-->[androidx.profileinstaller:profileinstaller:1.3.1] AndroidManifest.xml:30:17-85
98                android:value="androidx.startup" />
98-->[androidx.profileinstaller:profileinstaller:1.3.1] AndroidManifest.xml:31:17-49
99        </provider>
100
101        <receiver
101-->[com.google.firebase:firebase-messaging:24.0.0] AndroidManifest.xml:29:9-40:20
102            android:name="com.google.firebase.iid.FirebaseInstanceIdReceiver"
102-->[com.google.firebase:firebase-messaging:24.0.0] AndroidManifest.xml:30:13-78
103            android:exported="true"
103-->[com.google.firebase:firebase-messaging:24.0.0] AndroidManifest.xml:31:13-36
104            android:permission="com.google.android.c2dm.permission.SEND" >
104-->[com.google.firebase:firebase-messaging:24.0.0] AndroidManifest.xml:32:13-73
105            <intent-filter>
105-->[com.google.firebase:firebase-messaging:24.0.0] AndroidManifest.xml:33:13-35:29
106                <action android:name="com.google.android.c2dm.intent.RECEIVE" />
106-->[com.google.firebase:firebase-messaging:24.0.0] AndroidManifest.xml:34:17-81
106-->[com.google.firebase:firebase-messaging:24.0.0] AndroidManifest.xml:34:25-78
107            </intent-filter>
108
109            <meta-data
109-->[com.google.firebase:firebase-messaging:24.0.0] AndroidManifest.xml:37:13-39:40
110                android:name="com.google.android.gms.cloudmessaging.FINISHED_AFTER_HANDLED"
110-->[com.google.firebase:firebase-messaging:24.0.0] AndroidManifest.xml:38:17-92
111                android:value="true" />
111-->[com.google.firebase:firebase-messaging:24.0.0] AndroidManifest.xml:39:17-37
112        </receiver>
113        <!--
114             FirebaseMessagingService performs security checks at runtime,
115             but set to not exported to explicitly avoid allowing another app to call it.
116        -->
117        <service
117-->[com.google.firebase:firebase-messaging:24.0.0] AndroidManifest.xml:46:9-53:19
118            android:name="com.google.firebase.messaging.FirebaseMessagingService"
118-->[com.google.firebase:firebase-messaging:24.0.0] AndroidManifest.xml:47:13-82
119            android:directBootAware="true"
119-->[com.google.firebase:firebase-messaging:24.0.0] AndroidManifest.xml:48:13-43
120            android:exported="false" >
120-->[com.google.firebase:firebase-messaging:24.0.0] AndroidManifest.xml:49:13-37
121            <intent-filter android:priority="-500" >
121-->src\main\AndroidManifest.xml:48:13-50:29
122                <action android:name="com.google.firebase.MESSAGING_EVENT" />
122-->src\main\AndroidManifest.xml:49:17-78
122-->src\main\AndroidManifest.xml:49:25-75
123            </intent-filter>
124        </service>
125        <service
125-->[com.google.firebase:firebase-messaging:24.0.0] AndroidManifest.xml:54:9-63:19
126            android:name="com.google.firebase.components.ComponentDiscoveryService"
126-->[com.google.firebase:firebase-messaging:24.0.0] AndroidManifest.xml:55:13-84
127            android:directBootAware="true"
127-->[com.google.firebase:firebase-common:21.0.0] AndroidManifest.xml:32:13-43
128            android:exported="false" >
128-->[com.google.firebase:firebase-messaging:24.0.0] AndroidManifest.xml:56:13-37
129            <meta-data
129-->[com.google.firebase:firebase-messaging:24.0.0] AndroidManifest.xml:57:13-59:85
130                android:name="com.google.firebase.components:com.google.firebase.messaging.FirebaseMessagingKtxRegistrar"
130-->[com.google.firebase:firebase-messaging:24.0.0] AndroidManifest.xml:58:17-122
131                android:value="com.google.firebase.components.ComponentRegistrar" />
131-->[com.google.firebase:firebase-messaging:24.0.0] AndroidManifest.xml:59:17-82
132            <meta-data
132-->[com.google.firebase:firebase-messaging:24.0.0] AndroidManifest.xml:60:13-62:85
133                android:name="com.google.firebase.components:com.google.firebase.messaging.FirebaseMessagingRegistrar"
133-->[com.google.firebase:firebase-messaging:24.0.0] AndroidManifest.xml:61:17-119
134                android:value="com.google.firebase.components.ComponentRegistrar" />
134-->[com.google.firebase:firebase-messaging:24.0.0] AndroidManifest.xml:62:17-82
135            <meta-data
135-->[com.google.android.gms:play-services-measurement-api:22.0.1] AndroidManifest.xml:37:13-39:85
136                android:name="com.google.firebase.components:com.google.firebase.analytics.connector.internal.AnalyticsConnectorRegistrar"
136-->[com.google.android.gms:play-services-measurement-api:22.0.1] AndroidManifest.xml:38:17-139
137                android:value="com.google.firebase.components.ComponentRegistrar" />
137-->[com.google.android.gms:play-services-measurement-api:22.0.1] AndroidManifest.xml:39:17-82
138            <meta-data
138-->[com.google.firebase:firebase-installations:18.0.0] AndroidManifest.xml:15:13-17:85
139                android:name="com.google.firebase.components:com.google.firebase.installations.FirebaseInstallationsKtxRegistrar"
139-->[com.google.firebase:firebase-installations:18.0.0] AndroidManifest.xml:16:17-130
140                android:value="com.google.firebase.components.ComponentRegistrar" />
140-->[com.google.firebase:firebase-installations:18.0.0] AndroidManifest.xml:17:17-82
141            <meta-data
141-->[com.google.firebase:firebase-installations:18.0.0] AndroidManifest.xml:18:13-20:85
142                android:name="com.google.firebase.components:com.google.firebase.installations.FirebaseInstallationsRegistrar"
142-->[com.google.firebase:firebase-installations:18.0.0] AndroidManifest.xml:19:17-127
143                android:value="com.google.firebase.components.ComponentRegistrar" />
143-->[com.google.firebase:firebase-installations:18.0.0] AndroidManifest.xml:20:17-82
144            <meta-data
144-->[com.google.firebase:firebase-common-ktx:21.0.0] AndroidManifest.xml:12:13-14:85
145                android:name="com.google.firebase.components:com.google.firebase.ktx.FirebaseCommonLegacyRegistrar"
145-->[com.google.firebase:firebase-common-ktx:21.0.0] AndroidManifest.xml:13:17-116
146                android:value="com.google.firebase.components.ComponentRegistrar" />
146-->[com.google.firebase:firebase-common-ktx:21.0.0] AndroidManifest.xml:14:17-82
147            <meta-data
147-->[com.google.firebase:firebase-common:21.0.0] AndroidManifest.xml:35:13-37:85
148                android:name="com.google.firebase.components:com.google.firebase.FirebaseCommonKtxRegistrar"
148-->[com.google.firebase:firebase-common:21.0.0] AndroidManifest.xml:36:17-109
149                android:value="com.google.firebase.components.ComponentRegistrar" />
149-->[com.google.firebase:firebase-common:21.0.0] AndroidManifest.xml:37:17-82
150            <meta-data
150-->[com.google.firebase:firebase-datatransport:18.2.0] AndroidManifest.xml:25:13-27:85
151                android:name="com.google.firebase.components:com.google.firebase.datatransport.TransportRegistrar"
151-->[com.google.firebase:firebase-datatransport:18.2.0] AndroidManifest.xml:26:17-115
152                android:value="com.google.firebase.components.ComponentRegistrar" />
152-->[com.google.firebase:firebase-datatransport:18.2.0] AndroidManifest.xml:27:17-82
153        </service>
154
155        <activity
155-->[com.google.android.gms:play-services-base:18.0.1] AndroidManifest.xml:20:9-22:45
156            android:name="com.google.android.gms.common.api.GoogleApiActivity"
156-->[com.google.android.gms:play-services-base:18.0.1] AndroidManifest.xml:20:19-85
157            android:exported="false"
157-->[com.google.android.gms:play-services-base:18.0.1] AndroidManifest.xml:22:19-43
158            android:theme="@android:style/Theme.Translucent.NoTitleBar" />
158-->[com.google.android.gms:play-services-base:18.0.1] AndroidManifest.xml:21:19-78
159
160        <receiver
160-->[com.google.android.gms:play-services-measurement:22.0.1] AndroidManifest.xml:29:9-33:20
161            android:name="com.google.android.gms.measurement.AppMeasurementReceiver"
161-->[com.google.android.gms:play-services-measurement:22.0.1] AndroidManifest.xml:30:13-85
162            android:enabled="true"
162-->[com.google.android.gms:play-services-measurement:22.0.1] AndroidManifest.xml:31:13-35
163            android:exported="false" >
163-->[com.google.android.gms:play-services-measurement:22.0.1] AndroidManifest.xml:32:13-37
164        </receiver>
165
166        <service
166-->[com.google.android.gms:play-services-measurement:22.0.1] AndroidManifest.xml:35:9-38:40
167            android:name="com.google.android.gms.measurement.AppMeasurementService"
167-->[com.google.android.gms:play-services-measurement:22.0.1] AndroidManifest.xml:36:13-84
168            android:enabled="true"
168-->[com.google.android.gms:play-services-measurement:22.0.1] AndroidManifest.xml:37:13-35
169            android:exported="false" />
169-->[com.google.android.gms:play-services-measurement:22.0.1] AndroidManifest.xml:38:13-37
170        <service
170-->[com.google.android.gms:play-services-measurement:22.0.1] AndroidManifest.xml:39:9-43:72
171            android:name="com.google.android.gms.measurement.AppMeasurementJobService"
171-->[com.google.android.gms:play-services-measurement:22.0.1] AndroidManifest.xml:40:13-87
172            android:enabled="true"
172-->[com.google.android.gms:play-services-measurement:22.0.1] AndroidManifest.xml:41:13-35
173            android:exported="false"
173-->[com.google.android.gms:play-services-measurement:22.0.1] AndroidManifest.xml:42:13-37
174            android:permission="android.permission.BIND_JOB_SERVICE" />
174-->[com.google.android.gms:play-services-measurement:22.0.1] AndroidManifest.xml:43:13-69
175
176        <property
176-->[com.google.android.gms:play-services-measurement-api:22.0.1] AndroidManifest.xml:30:9-32:61
177            android:name="android.adservices.AD_SERVICES_CONFIG"
177-->[com.google.android.gms:play-services-measurement-api:22.0.1] AndroidManifest.xml:31:13-65
178            android:resource="@xml/ga_ad_services_config" />
178-->[com.google.android.gms:play-services-measurement-api:22.0.1] AndroidManifest.xml:32:13-58
179
180        <provider
180-->[com.google.firebase:firebase-common:21.0.0] AndroidManifest.xml:23:9-28:39
181            android:name="com.google.firebase.provider.FirebaseInitProvider"
181-->[com.google.firebase:firebase-common:21.0.0] AndroidManifest.xml:24:13-77
182            android:authorities="com.khalifapps.muslimgenz.firebaseinitprovider"
182-->[com.google.firebase:firebase-common:21.0.0] AndroidManifest.xml:25:13-72
183            android:directBootAware="true"
183-->[com.google.firebase:firebase-common:21.0.0] AndroidManifest.xml:26:13-43
184            android:exported="false"
184-->[com.google.firebase:firebase-common:21.0.0] AndroidManifest.xml:27:13-37
185            android:initOrder="100" />
185-->[com.google.firebase:firebase-common:21.0.0] AndroidManifest.xml:28:13-36
186
187        <activity
187-->[androidx.glance:glance-appwidget:1.1.0] AndroidManifest.xml:23:9-28:62
188            android:name="androidx.glance.appwidget.action.ActionTrampolineActivity"
188-->[androidx.glance:glance-appwidget:1.1.0] AndroidManifest.xml:24:13-85
189            android:enabled="true"
189-->[androidx.glance:glance-appwidget:1.1.0] AndroidManifest.xml:25:13-35
190            android:excludeFromRecents="true"
190-->[androidx.glance:glance-appwidget:1.1.0] AndroidManifest.xml:26:13-46
191            android:exported="false"
191-->[androidx.glance:glance-appwidget:1.1.0] AndroidManifest.xml:27:13-37
192            android:theme="@android:style/Theme.NoDisplay" />
192-->[androidx.glance:glance-appwidget:1.1.0] AndroidManifest.xml:28:13-59
193        <activity
193-->[androidx.glance:glance-appwidget:1.1.0] AndroidManifest.xml:29:9-36:81
194            android:name="androidx.glance.appwidget.action.InvisibleActionTrampolineActivity"
194-->[androidx.glance:glance-appwidget:1.1.0] AndroidManifest.xml:30:13-94
195            android:enabled="true"
195-->[androidx.glance:glance-appwidget:1.1.0] AndroidManifest.xml:31:13-35
196            android:exported="false"
196-->[androidx.glance:glance-appwidget:1.1.0] AndroidManifest.xml:32:13-37
197            android:launchMode="singleInstance"
197-->[androidx.glance:glance-appwidget:1.1.0] AndroidManifest.xml:33:13-48
198            android:noHistory="true"
198-->[androidx.glance:glance-appwidget:1.1.0] AndroidManifest.xml:34:13-37
199            android:taskAffinity="androidx.glance.appwidget.ListAdapterCallbackTrampoline"
199-->[androidx.glance:glance-appwidget:1.1.0] AndroidManifest.xml:35:13-91
200            android:theme="@style/Widget.Glance.AppWidget.CallbackTrampoline" />
200-->[androidx.glance:glance-appwidget:1.1.0] AndroidManifest.xml:36:13-78
201
202        <receiver
202-->[androidx.glance:glance-appwidget:1.1.0] AndroidManifest.xml:38:9-41:40
203            android:name="androidx.glance.appwidget.action.ActionCallbackBroadcastReceiver"
203-->[androidx.glance:glance-appwidget:1.1.0] AndroidManifest.xml:39:13-92
204            android:enabled="true"
204-->[androidx.glance:glance-appwidget:1.1.0] AndroidManifest.xml:40:13-35
205            android:exported="false" />
205-->[androidx.glance:glance-appwidget:1.1.0] AndroidManifest.xml:41:13-37
206        <receiver
206-->[androidx.glance:glance-appwidget:1.1.0] AndroidManifest.xml:42:9-45:40
207            android:name="androidx.glance.appwidget.UnmanagedSessionReceiver"
207-->[androidx.glance:glance-appwidget:1.1.0] AndroidManifest.xml:43:13-78
208            android:enabled="true"
208-->[androidx.glance:glance-appwidget:1.1.0] AndroidManifest.xml:44:13-35
209            android:exported="false" />
209-->[androidx.glance:glance-appwidget:1.1.0] AndroidManifest.xml:45:13-37
210        <receiver
210-->[androidx.glance:glance-appwidget:1.1.0] AndroidManifest.xml:46:9-53:20
211            android:name="androidx.glance.appwidget.MyPackageReplacedReceiver"
211-->[androidx.glance:glance-appwidget:1.1.0] AndroidManifest.xml:47:13-79
212            android:enabled="true"
212-->[androidx.glance:glance-appwidget:1.1.0] AndroidManifest.xml:48:13-35
213            android:exported="false" >
213-->[androidx.glance:glance-appwidget:1.1.0] AndroidManifest.xml:49:13-37
214            <intent-filter>
214-->[androidx.glance:glance-appwidget:1.1.0] AndroidManifest.xml:50:13-52:29
215                <action android:name="android.intent.action.MY_PACKAGE_REPLACED" />
215-->[androidx.glance:glance-appwidget:1.1.0] AndroidManifest.xml:51:17-84
215-->[androidx.glance:glance-appwidget:1.1.0] AndroidManifest.xml:51:25-81
216            </intent-filter>
217        </receiver>
218
219        <service
219-->[androidx.glance:glance-appwidget:1.1.0] AndroidManifest.xml:55:9-58:72
220            android:name="androidx.glance.appwidget.GlanceRemoteViewsService"
220-->[androidx.glance:glance-appwidget:1.1.0] AndroidManifest.xml:56:13-78
221            android:exported="true"
221-->[androidx.glance:glance-appwidget:1.1.0] AndroidManifest.xml:57:13-36
222            android:permission="android.permission.BIND_REMOTEVIEWS" />
222-->[androidx.glance:glance-appwidget:1.1.0] AndroidManifest.xml:58:13-69
223        <service
223-->[androidx.work:work-runtime:2.9.0] AndroidManifest.xml:39:9-45:35
224            android:name="androidx.work.impl.background.systemalarm.SystemAlarmService"
224-->[androidx.work:work-runtime:2.9.0] AndroidManifest.xml:40:13-88
225            android:directBootAware="false"
225-->[androidx.work:work-runtime:2.9.0] AndroidManifest.xml:41:13-44
226            android:enabled="@bool/enable_system_alarm_service_default"
226-->[androidx.work:work-runtime:2.9.0] AndroidManifest.xml:42:13-72
227            android:exported="false" />
227-->[androidx.work:work-runtime:2.9.0] AndroidManifest.xml:43:13-37
228        <service
228-->[androidx.work:work-runtime:2.9.0] AndroidManifest.xml:46:9-52:35
229            android:name="androidx.work.impl.background.systemjob.SystemJobService"
229-->[androidx.work:work-runtime:2.9.0] AndroidManifest.xml:47:13-84
230            android:directBootAware="false"
230-->[androidx.work:work-runtime:2.9.0] AndroidManifest.xml:48:13-44
231            android:enabled="@bool/enable_system_job_service_default"
231-->[androidx.work:work-runtime:2.9.0] AndroidManifest.xml:49:13-70
232            android:exported="true"
232-->[androidx.work:work-runtime:2.9.0] AndroidManifest.xml:50:13-36
233            android:permission="android.permission.BIND_JOB_SERVICE" />
233-->[androidx.work:work-runtime:2.9.0] AndroidManifest.xml:51:13-69
234        <service
234-->[androidx.work:work-runtime:2.9.0] AndroidManifest.xml:53:9-59:35
235            android:name="androidx.work.impl.foreground.SystemForegroundService"
235-->[androidx.work:work-runtime:2.9.0] AndroidManifest.xml:54:13-81
236            android:directBootAware="false"
236-->[androidx.work:work-runtime:2.9.0] AndroidManifest.xml:55:13-44
237            android:enabled="@bool/enable_system_foreground_service_default"
237-->[androidx.work:work-runtime:2.9.0] AndroidManifest.xml:56:13-77
238            android:exported="false" />
238-->[androidx.work:work-runtime:2.9.0] AndroidManifest.xml:57:13-37
239
240        <receiver
240-->[androidx.work:work-runtime:2.9.0] AndroidManifest.xml:61:9-66:35
241            android:name="androidx.work.impl.utils.ForceStopRunnable$BroadcastReceiver"
241-->[androidx.work:work-runtime:2.9.0] AndroidManifest.xml:62:13-88
242            android:directBootAware="false"
242-->[androidx.work:work-runtime:2.9.0] AndroidManifest.xml:63:13-44
243            android:enabled="true"
243-->[androidx.work:work-runtime:2.9.0] AndroidManifest.xml:64:13-35
244            android:exported="false" />
244-->[androidx.work:work-runtime:2.9.0] AndroidManifest.xml:65:13-37
245        <receiver
245-->[androidx.work:work-runtime:2.9.0] AndroidManifest.xml:67:9-77:20
246            android:name="androidx.work.impl.background.systemalarm.ConstraintProxy$BatteryChargingProxy"
246-->[androidx.work:work-runtime:2.9.0] AndroidManifest.xml:68:13-106
247            android:directBootAware="false"
247-->[androidx.work:work-runtime:2.9.0] AndroidManifest.xml:69:13-44
248            android:enabled="false"
248-->[androidx.work:work-runtime:2.9.0] AndroidManifest.xml:70:13-36
249            android:exported="false" >
249-->[androidx.work:work-runtime:2.9.0] AndroidManifest.xml:71:13-37
250            <intent-filter>
250-->[androidx.work:work-runtime:2.9.0] AndroidManifest.xml:73:13-76:29
251                <action android:name="android.intent.action.ACTION_POWER_CONNECTED" />
251-->[androidx.work:work-runtime:2.9.0] AndroidManifest.xml:74:17-87
251-->[androidx.work:work-runtime:2.9.0] AndroidManifest.xml:74:25-84
252                <action android:name="android.intent.action.ACTION_POWER_DISCONNECTED" />
252-->[androidx.work:work-runtime:2.9.0] AndroidManifest.xml:75:17-90
252-->[androidx.work:work-runtime:2.9.0] AndroidManifest.xml:75:25-87
253            </intent-filter>
254        </receiver>
255        <receiver
255-->[androidx.work:work-runtime:2.9.0] AndroidManifest.xml:78:9-88:20
256            android:name="androidx.work.impl.background.systemalarm.ConstraintProxy$BatteryNotLowProxy"
256-->[androidx.work:work-runtime:2.9.0] AndroidManifest.xml:79:13-104
257            android:directBootAware="false"
257-->[androidx.work:work-runtime:2.9.0] AndroidManifest.xml:80:13-44
258            android:enabled="false"
258-->[androidx.work:work-runtime:2.9.0] AndroidManifest.xml:81:13-36
259            android:exported="false" >
259-->[androidx.work:work-runtime:2.9.0] AndroidManifest.xml:82:13-37
260            <intent-filter>
260-->[androidx.work:work-runtime:2.9.0] AndroidManifest.xml:84:13-87:29
261                <action android:name="android.intent.action.BATTERY_OKAY" />
261-->[androidx.work:work-runtime:2.9.0] AndroidManifest.xml:85:17-77
261-->[androidx.work:work-runtime:2.9.0] AndroidManifest.xml:85:25-74
262                <action android:name="android.intent.action.BATTERY_LOW" />
262-->[androidx.work:work-runtime:2.9.0] AndroidManifest.xml:86:17-76
262-->[androidx.work:work-runtime:2.9.0] AndroidManifest.xml:86:25-73
263            </intent-filter>
264        </receiver>
265        <receiver
265-->[androidx.work:work-runtime:2.9.0] AndroidManifest.xml:89:9-99:20
266            android:name="androidx.work.impl.background.systemalarm.ConstraintProxy$StorageNotLowProxy"
266-->[androidx.work:work-runtime:2.9.0] AndroidManifest.xml:90:13-104
267            android:directBootAware="false"
267-->[androidx.work:work-runtime:2.9.0] AndroidManifest.xml:91:13-44
268            android:enabled="false"